<?xml version="1.0" encoding="UTF-8"?>
<!-- Generated by org.testng.reporters.JUnitXMLReporter -->
<testsuite ignored="0" hostname="SMstfa-Lt-10667" failures="0" tests="3" name="YouTube parallel search" time="56.214" errors="0" timestamp="2022-05-31T21:33:05 EET">
  <testcase classname="YouTubeTestCases.VideoSearchTestScenario1" name="searchForVideoScenario1" time="3.508"/>
  <testcase classname="YouTubeTestCases.VideoSearchTestScenario2" name="searchForVideoScenario1" time="3.146"/>
  <testcase classname="YouTubeTestCases.VideoSearchTestScenario3" name="searchForVideoScenario1" time="3.516"/>
</testsuite> <!-- YouTube parallel search -->
